::1 - POST /api/users/64116ac7fec4466072e175d7/orders HTTP/1.1 400 61 - 7.249 ms
::1 - GET /api/users/6411f6dca525053efe3b8444/deliveries HTTP/1.1 200 2783 - 776.771 ms
::1 - GET /api/users/6411f6dca525053efe3b8444/deliveries/6411f7e47a5c8590d9449904 HTTP/1.1 200 1504 - 115.461 ms
::1 - GET /api/users/6411f6dca525053efe3b8444/deliveries/6411f7e47a5c8590d9449904 HTTP/1.1 200 1504 - 9.766 ms
::1 - GET /api/users/6411f6dca525053efe3b8444/deliveries HTTP/1.1 200 2783 - 5.027 ms
::1 - GET /api/users HTTP/1.1 401 75 - 6.973 ms
::1 - GET /api/users HTTP/1.1 200 669 - 18.187 ms
::1 - PATCH /api/users/64116ac7fec4466072e175d7/orders HTTP/1.1 404 182 - 9.029 ms
::1 - PATCH /api/users/64116ac7fec4466072e175d7 HTTP/1.1 500 1259 - 5.670 ms
::1 - PATCH /api/users/64116ac7fec4466072e175d7 HTTP/1.1 500 1259 - 2.739 ms
::1 - PATCH /api/users/64116ac7fec4466072e175d7 HTTP/1.1 500 1259 - 2.260 ms
::1 - PATCH /api/users/64116ac7fec4466072e175d7 HTTP/1.1 500 1259 - 2.081 ms
::1 - PATCH /api/users/64116ac7fec4466072e175d7 HTTP/1.1 500 1259 - 3.099 ms
::1 - GET /api/users/6411f6dca525053efe3b8444/deliveries/6411f7e47a5c8590d9449904 HTTP/1.1 200 1504 - 16.479 ms
::1 - GET /api/users HTTP/1.1 200 669 - 12.742 ms
::1 - PATCH /api/users/64116ac7fec4466072e175d7 HTTP/1.1 500 76 - 154.397 ms
::1 - PATCH /api/users/64116ac7fec4466072e175d7 HTTP/1.1 200 324 - 730.334 ms
::1 - PATCH /api/users/64116ac7fec4466072e175d7 HTTP/1.1 200 346 - 8.769 ms
::1 - PATCH /api/users/64116ac7fec4466072e175d7 HTTP/1.1 200 346 - 6.631 ms
::1 - PATCH /api/users/64116ac7fec4466072e175d7 HTTP/1.1 200 346 - 10.443 ms
::1 - GET /api/users/64116ac7fec4466072e175d7/orders HTTP/1.1 200 2558 - 26.046 ms
::1 - GET /api/users/64116ac7fec4466072e175d7/orders/641182ccd6932e36a274aedc HTTP/1.1 200 348 - 6.359 ms
::1 - GET /api/users/64116ac7fec4466072e175d7/orders/641182ccd6932e36a274aedc HTTP/1.1 200 348 - 5.302 ms
::1 - GET /api/users/64116ac7fec4466072e175d7/orders/641182ccd6932e36a274aedc HTTP/1.1 200 348 - 24.705 ms
::1 - GET /api/users/64116ac7fec4466072e175d7/orders/641182ccd6932e36a274aedc HTTP/1.1 500 155 - 50.343 ms
::1 - GET /api/users/64116ac7fec4466072e175d7/orders/641182ccd6932e36a274aedc HTTP/1.1 200 1233 - 65.341 ms
